==463104== Cachegrind, a cache and branch-prediction profiler
==463104== Copyright (C) 2002-2017, and GNU GPL'd, by Nicholas Nethercote et al.
==463104== Using Valgrind-3.15.0 and LibVEX; rerun with -h for copyright info
==463104== Command: ./main
==463104== Parent PID: 463103
==463104== 
--463104-- warning: L3 cache found, using its data for the LL simulation.
==463104== 
==463104== I   refs:      198,181
==463104== I1  misses:      1,012
==463104== LLi misses:        994
==463104== I1  miss rate:    0.51%
==463104== LLi miss rate:    0.50%
==463104== 
==463104== D   refs:       56,850  (44,893 rd   + 11,957 wr)
==463104== D1  misses:      3,081  ( 2,446 rd   +    635 wr)
==463104== LLd misses:      2,639  ( 2,053 rd   +    586 wr)
==463104== D1  miss rate:     5.4% (   5.4%     +    5.3%  )
==463104== LLd miss rate:     4.6% (   4.6%     +    4.9%  )
==463104== 
==463104== LL refs:         4,093  ( 3,458 rd   +    635 wr)
==463104== LL misses:       3,633  ( 3,047 rd   +    586 wr)
==463104== LL miss rate:      1.4% (   1.3%     +    4.9%  )
