==463795== Cachegrind, a cache and branch-prediction profiler
==463795== Copyright (C) 2002-2017, and GNU GPL'd, by Nicholas Nethercote et al.
==463795== Using Valgrind-3.15.0 and LibVEX; rerun with -h for copyright info
==463795== Command: ./main
==463795== Parent PID: 463794
==463795== 
--463795-- warning: L3 cache found, using its data for the LL simulation.
==463795== 
==463795== I   refs:      198,181
==463795== I1  misses:      1,012
==463795== LLi misses:        994
==463795== I1  miss rate:    0.51%
==463795== LLi miss rate:    0.50%
==463795== 
==463795== D   refs:       56,850  (44,893 rd   + 11,957 wr)
==463795== D1  misses:      3,081  ( 2,446 rd   +    635 wr)
==463795== LLd misses:      2,639  ( 2,053 rd   +    586 wr)
==463795== D1  miss rate:     5.4% (   5.4%     +    5.3%  )
==463795== LLd miss rate:     4.6% (   4.6%     +    4.9%  )
==463795== 
==463795== LL refs:         4,093  ( 3,458 rd   +    635 wr)
==463795== LL misses:       3,633  ( 3,047 rd   +    586 wr)
==463795== LL miss rate:      1.4% (   1.3%     +    4.9%  )
