==464320== Cachegrind, a cache and branch-prediction profiler
==464320== Copyright (C) 2002-2017, and GNU GPL'd, by Nicholas Nethercote et al.
==464320== Using Valgrind-3.15.0 and LibVEX; rerun with -h for copyright info
==464320== Command: ./main
==464320== Parent PID: 464319
==464320== 
--464320-- warning: L3 cache found, using its data for the LL simulation.
==464320== 
==464320== I   refs:      201,763
==464320== I1  misses:      1,007
==464320== LLi misses:        991
==464320== I1  miss rate:    0.50%
==464320== LLi miss rate:    0.49%
==464320== 
==464320== D   refs:       58,132  (45,705 rd   + 12,427 wr)
==464320== D1  misses:      3,101  ( 2,448 rd   +    653 wr)
==464320== LLd misses:      2,657  ( 2,057 rd   +    600 wr)
==464320== D1  miss rate:     5.3% (   5.4%     +    5.3%  )
==464320== LLd miss rate:     4.6% (   4.5%     +    4.8%  )
==464320== 
==464320== LL refs:         4,108  ( 3,455 rd   +    653 wr)
==464320== LL misses:       3,648  ( 3,048 rd   +    600 wr)
==464320== LL miss rate:      1.4% (   1.2%     +    4.8%  )
