==463342== Cachegrind, a cache and branch-prediction profiler
==463342== Copyright (C) 2002-2017, and GNU GPL'd, by Nicholas Nethercote et al.
==463342== Using Valgrind-3.15.0 and LibVEX; rerun with -h for copyright info
==463342== Command: ./main
==463342== Parent PID: 463341
==463342== 
--463342-- warning: L3 cache found, using its data for the LL simulation.
==463342== 
==463342== I   refs:      199,474
==463342== I1  misses:      1,025
==463342== LLi misses:      1,007
==463342== I1  miss rate:    0.51%
==463342== LLi miss rate:    0.50%
==463342== 
==463342== D   refs:       57,138  (45,092 rd   + 12,046 wr)
==463342== D1  misses:      3,085  ( 2,449 rd   +    636 wr)
==463342== LLd misses:      2,639  ( 2,053 rd   +    586 wr)
==463342== D1  miss rate:     5.4% (   5.4%     +    5.3%  )
==463342== LLd miss rate:     4.6% (   4.6%     +    4.9%  )
==463342== 
==463342== LL refs:         4,110  ( 3,474 rd   +    636 wr)
==463342== LL misses:       3,646  ( 3,060 rd   +    586 wr)
==463342== LL miss rate:      1.4% (   1.3%     +    4.9%  )
